  main.c
c:\users\nicet\desktop\classes\cc++\cpts172\pa1jeandongcho\pa1jeandongcho\main.c(76): warning C4244: '=': conversion from 'double' to 'unsigned int', possible loss of data
c:\users\nicet\desktop\classes\cc++\cpts172\pa1jeandongcho\pa1jeandongcho\main.c(86): warning C4244: '=': conversion from 'double' to 'unsigned int', possible loss of data
c:\users\nicet\desktop\classes\cc++\cpts172\pa1jeandongcho\pa1jeandongcho\main.c(17): warning C4996: 'fopen': This function or variable may be unsafe. Consider using fopen_s instead. To disable deprecation, use _CRT_SECURE_NO_WARNINGS. See online help for details.
  c:\program files (x86)\windows kits\10\include\10.0.10240.0\ucrt\stdio.h(205): note: see declaration of 'fopen'
c:\users\nicet\desktop\classes\cc++\cpts172\pa1jeandongcho\pa1jeandongcho\main.c(18): warning C4996: 'fopen': This function or variable may be unsafe. Consider using fopen_s instead. To disable deprecation, use _CRT_SECURE_NO_WARNINGS. See online help for details.
  c:\program files (x86)\windows kits\10\include\10.0.10240.0\ucrt\stdio.h(205): note: see declaration of 'fopen'
c:\users\nicet\desktop\classes\cc++\cpts172\pa1jeandongcho\pa1jeandongcho\main.c(35): warning C4996: 'strcpy': This function or variable may be unsafe. Consider using strcpy_s instead. To disable deprecation, use _CRT_SECURE_NO_WARNINGS. See online help for details.
  c:\program files (x86)\windows kits\10\include\10.0.10240.0\ucrt\string.h(119): note: see declaration of 'strcpy'
c:\users\nicet\desktop\classes\cc++\cpts172\pa1jeandongcho\pa1jeandongcho\main.c(42): warning C4996: 'strcpy': This function or variable may be unsafe. Consider using strcpy_s instead. To disable deprecation, use _CRT_SECURE_NO_WARNINGS. See online help for details.
  c:\program files (x86)\windows kits\10\include\10.0.10240.0\ucrt\string.h(119): note: see declaration of 'strcpy'
c:\users\nicet\desktop\classes\cc++\cpts172\pa1jeandongcho\pa1jeandongcho\main.c(47): warning C4996: 'strcpy': This function or variable may be unsafe. Consider using strcpy_s instead. To disable deprecation, use _CRT_SECURE_NO_WARNINGS. See online help for details.
  c:\program files (x86)\windows kits\10\include\10.0.10240.0\ucrt\string.h(119): note: see declaration of 'strcpy'
c:\users\nicet\desktop\classes\cc++\cpts172\pa1jeandongcho\pa1jeandongcho\main.c(49): warning C4996: 'strcpy': This function or variable may be unsafe. Consider using strcpy_s instead. To disable deprecation, use _CRT_SECURE_NO_WARNINGS. See online help for details.
  c:\program files (x86)\windows kits\10\include\10.0.10240.0\ucrt\string.h(119): note: see declaration of 'strcpy'
c:\users\nicet\desktop\classes\cc++\cpts172\pa1jeandongcho\pa1jeandongcho\main.c(59): warning C4996: 'strcpy': This function or variable may be unsafe. Consider using strcpy_s instead. To disable deprecation, use _CRT_SECURE_NO_WARNINGS. See online help for details.
  c:\program files (x86)\windows kits\10\include\10.0.10240.0\ucrt\string.h(119): note: see declaration of 'strcpy'
c:\users\nicet\desktop\classes\cc++\cpts172\pa1jeandongcho\pa1jeandongcho\main.c(69): warning C4996: 'strcpy': This function or variable may be unsafe. Consider using strcpy_s instead. To disable deprecation, use _CRT_SECURE_NO_WARNINGS. See online help for details.
  c:\program files (x86)\windows kits\10\include\10.0.10240.0\ucrt\string.h(119): note: see declaration of 'strcpy'
c:\users\nicet\desktop\classes\cc++\cpts172\pa1jeandongcho\pa1jeandongcho\main.c(79): warning C4996: 'strcpy': This function or variable may be unsafe. Consider using strcpy_s instead. To disable deprecation, use _CRT_SECURE_NO_WARNINGS. See online help for details.
  c:\program files (x86)\windows kits\10\include\10.0.10240.0\ucrt\string.h(119): note: see declaration of 'strcpy'
c:\users\nicet\desktop\classes\cc++\cpts172\pa1jeandongcho\pa1jeandongcho\main.c(89): warning C4996: 'strcpy': This function or variable may be unsafe. Consider using strcpy_s instead. To disable deprecation, use _CRT_SECURE_NO_WARNINGS. See online help for details.
  c:\program files (x86)\windows kits\10\include\10.0.10240.0\ucrt\string.h(119): note: see declaration of 'strcpy'
c:\users\nicet\desktop\classes\cc++\cpts172\pa1jeandongcho\pa1jeandongcho\main.c(100): warning C4996: 'strcpy': This function or variable may be unsafe. Consider using strcpy_s instead. To disable deprecation, use _CRT_SECURE_NO_WARNINGS. See online help for details.
  c:\program files (x86)\windows kits\10\include\10.0.10240.0\ucrt\string.h(119): note: see declaration of 'strcpy'
c:\users\nicet\desktop\classes\cc++\cpts172\pa1jeandongcho\pa1jeandongcho\main.c(104): warning C4996: 'strcpy': This function or variable may be unsafe. Consider using strcpy_s instead. To disable deprecation, use _CRT_SECURE_NO_WARNINGS. See online help for details.
  c:\program files (x86)\windows kits\10\include\10.0.10240.0\ucrt\string.h(119): note: see declaration of 'strcpy'
c:\users\nicet\desktop\classes\cc++\cpts172\pa1jeandongcho\pa1jeandongcho\main.c(128): warning C4996: 'strcpy': This function or variable may be unsafe. Consider using strcpy_s instead. To disable deprecation, use _CRT_SECURE_NO_WARNINGS. See online help for details.
  c:\program files (x86)\windows kits\10\include\10.0.10240.0\ucrt\string.h(119): note: see declaration of 'strcpy'
c:\users\nicet\desktop\classes\cc++\cpts172\pa1jeandongcho\pa1jeandongcho\main.c(146): warning C4996: 'strcpy': This function or variable may be unsafe. Consider using strcpy_s instead. To disable deprecation, use _CRT_SECURE_NO_WARNINGS. See online help for details.
  c:\program files (x86)\windows kits\10\include\10.0.10240.0\ucrt\string.h(119): note: see declaration of 'strcpy'
c:\users\nicet\desktop\classes\cc++\cpts172\pa1jeandongcho\pa1jeandongcho\main.c(148): warning C4996: 'sprintf': This function or variable may be unsafe. Consider using sprintf_s instead. To disable deprecation, use _CRT_SECURE_NO_WARNINGS. See online help for details.
  c:\program files (x86)\windows kits\10\include\10.0.10240.0\ucrt\stdio.h(1769): note: see declaration of 'sprintf'
  PA1JeanDongCho.vcxproj -> C:\Users\nicet\Desktop\Classes\CC++\CPTS172\PA1JeanDongCho\Debug\PA1JeanDongCho.exe
  PA1JeanDongCho.vcxproj -> C:\Users\nicet\Desktop\Classes\CC++\CPTS172\PA1JeanDongCho\Debug\PA1JeanDongCho.pdb (Full PDB)
