c:\users\nicet\desktop\classes\cc++\cpts172\pa1jeandongcho\pa1jeandongcho\debug\vc140.pdb
c:\users\nicet\desktop\classes\cc++\cpts172\pa1jeandongcho\pa1jeandongcho\debug\vc140.idb
c:\users\nicet\desktop\classes\cc++\cpts172\pa1jeandongcho\pa1jeandongcho\debug\function.obj
c:\users\nicet\desktop\classes\cc++\cpts172\pa1jeandongcho\pa1jeandongcho\debug\main.obj
c:\users\nicet\desktop\classes\cc++\cpts172\pa1jeandongcho\pa1jeandongcho\debug\example.obj
c:\users\nicet\desktop\classes\cc++\cpts172\pa1jeandongcho\debug\pa1jeandongcho.pdb
c:\users\nicet\desktop\classes\cc++\cpts172\pa1jeandongcho\pa1jeandongcho\debug\pa1jeandongcho.tlog\cl.command.1.tlog
c:\users\nicet\desktop\classes\cc++\cpts172\pa1jeandongcho\pa1jeandongcho\debug\pa1jeandongcho.tlog\cl.read.1.tlog
c:\users\nicet\desktop\classes\cc++\cpts172\pa1jeandongcho\pa1jeandongcho\debug\pa1jeandongcho.tlog\cl.write.1.tlog
c:\users\nicet\desktop\classes\cc++\cpts172\pa1jeandongcho\pa1jeandongcho\debug\pa1jeandongcho.tlog\link-cvtres.read.1.tlog
c:\users\nicet\desktop\classes\cc++\cpts172\pa1jeandongcho\pa1jeandongcho\debug\pa1jeandongcho.tlog\link-cvtres.write.1.tlog
c:\users\nicet\desktop\classes\cc++\cpts172\pa1jeandongcho\pa1jeandongcho\debug\pa1jeandongcho.tlog\link-rc.read.1.tlog
c:\users\nicet\desktop\classes\cc++\cpts172\pa1jeandongcho\pa1jeandongcho\debug\pa1jeandongcho.tlog\link-rc.write.1.tlog
c:\users\nicet\desktop\classes\cc++\cpts172\pa1jeandongcho\pa1jeandongcho\debug\pa1jeandongcho.tlog\link.11028-cvtres.read.1.tlog
c:\users\nicet\desktop\classes\cc++\cpts172\pa1jeandongcho\pa1jeandongcho\debug\pa1jeandongcho.tlog\link.11028-cvtres.write.1.tlog
c:\users\nicet\desktop\classes\cc++\cpts172\pa1jeandongcho\pa1jeandongcho\debug\pa1jeandongcho.tlog\link.11028-rc.read.1.tlog
c:\users\nicet\desktop\classes\cc++\cpts172\pa1jeandongcho\pa1jeandongcho\debug\pa1jeandongcho.tlog\link.11028-rc.write.1.tlog
c:\users\nicet\desktop\classes\cc++\cpts172\pa1jeandongcho\pa1jeandongcho\debug\pa1jeandongcho.tlog\link.11028.read.1.tlog
c:\users\nicet\desktop\classes\cc++\cpts172\pa1jeandongcho\pa1jeandongcho\debug\pa1jeandongcho.tlog\link.11028.write.1.tlog
c:\users\nicet\desktop\classes\cc++\cpts172\pa1jeandongcho\pa1jeandongcho\debug\pa1jeandongcho.tlog\link.command.1.tlog
c:\users\nicet\desktop\classes\cc++\cpts172\pa1jeandongcho\pa1jeandongcho\debug\pa1jeandongcho.tlog\link.read.1.tlog
c:\users\nicet\desktop\classes\cc++\cpts172\pa1jeandongcho\pa1jeandongcho\debug\pa1jeandongcho.tlog\link.write.1.tlog
